0 info it worked if it ends with ok
1 verbose cli [ 'C:\\Program Files\\nodejs\\node.exe',
1 verbose cli   'C:\\Program Files\\nodejs\\node_modules\\npm\\bin\\npm-cli.js',
1 verbose cli   'run',
1 verbose cli   'server' ]
2 info using npm@3.10.10
3 info using node@v6.11.3
4 verbose run-script [ 'preserver', 'server', 'postserver' ]
5 info lifecycle angular-webpack-demo@1.0.0~preserver: angular-webpack-demo@1.0.0
6 silly lifecycle angular-webpack-demo@1.0.0~preserver: no script for preserver, continuing
7 info lifecycle angular-webpack-demo@1.0.0~server: angular-webpack-demo@1.0.0
8 verbose lifecycle angular-webpack-demo@1.0.0~server: unsafe-perm in lifecycle true
9 verbose lifecycle angular-webpack-demo@1.0.0~server: PATH: C:\Program Files\nodejs\node_modules\npm\bin\node-gyp-bin;C:\Users\home\workspace\angular-webpack-demo\node_modules\.bin;C:\Program Files\nodejs\node_modules\npm\bin\node-gyp-bin;C:\Users\home\workspace\angular-webpack-demo\node_modules\.bin;C:\Program Files\Git\cygdrive\c\Users\home\.local\bin;C:\Program Files\Git\mingw64\bin;C:\Program Files\Git\usr\local\bin;C:\Program Files\Git\usr\bin;C:\Program Files\Git\usr\bin;C:\Program Files\Git\mingw64\bin;C:\Program Files\Git\usr\bin;C:\Program Files\Git\cygdrive\c\Users\home\.local\bin;C:\ProgramData\Oracle\Java\javapath;C:\Windows\system32;C:\Windows;C:\Windows\System32\Wbem;C:\Windows\System32\WindowsPowerShell\v1.0;C:\Program Files (x86)\NVIDIA Corporation\PhysX\Common;C:\Program Files (x86)\Skype\Phone;C:\Program Files (x86)\sbt\bin;C:\Program Files\nodejs;C:\Users\home\.babun;C:\Program Files\Java\jdk1.8.0_144\bin;C:\Users\home\AppData\Roaming\npm;C:\Program Files\Git\usr\bin\vendor_perl;C:\Program Files\Git\usr\bin\core_perl
10 verbose lifecycle angular-webpack-demo@1.0.0~server: CWD: C:\Users\home\workspace\angular-webpack-demo
11 silly lifecycle angular-webpack-demo@1.0.0~server: Args: [ '/d /s /c',
11 silly lifecycle   'webpack-dev-server --history-api-fallback --inline --progress' ]
12 silly lifecycle angular-webpack-demo@1.0.0~server: Returned: code: 1  signal: null
13 info lifecycle angular-webpack-demo@1.0.0~server: Failed to exec server script
14 verbose stack Error: angular-webpack-demo@1.0.0 server: `webpack-dev-server --history-api-fallback --inline --progress`
14 verbose stack Exit status 1
14 verbose stack     at EventEmitter.<anonymous> (C:\Program Files\nodejs\node_modules\npm\lib\utils\lifecycle.js:255:16)
14 verbose stack     at emitTwo (events.js:106:13)
14 verbose stack     at EventEmitter.emit (events.js:191:7)
14 verbose stack     at ChildProcess.<anonymous> (C:\Program Files\nodejs\node_modules\npm\lib\utils\spawn.js:40:14)
14 verbose stack     at emitTwo (events.js:106:13)
14 verbose stack     at ChildProcess.emit (events.js:191:7)
14 verbose stack     at maybeClose (internal/child_process.js:920:16)
14 verbose stack     at Process.ChildProcess._handle.onexit (internal/child_process.js:230:5)
15 verbose pkgid angular-webpack-demo@1.0.0
16 verbose cwd C:\Users\home\workspace\angular-webpack-demo
17 error Windows_NT 6.1.7601
18 error argv "C:\\Program Files\\nodejs\\node.exe" "C:\\Program Files\\nodejs\\node_modules\\npm\\bin\\npm-cli.js" "run" "server"
19 error node v6.11.3
20 error npm  v3.10.10
21 error code ELIFECYCLE
22 error angular-webpack-demo@1.0.0 server: `webpack-dev-server --history-api-fallback --inline --progress`
22 error Exit status 1
23 error Failed at the angular-webpack-demo@1.0.0 server script 'webpack-dev-server --history-api-fallback --inline --progress'.
23 error Make sure you have the latest version of node.js and npm installed.
23 error If you do, this is most likely a problem with the angular-webpack-demo package,
23 error not with npm itself.
23 error Tell the author that this fails on your system:
23 error     webpack-dev-server --history-api-fallback --inline --progress
23 error You can get information on how to open an issue for this project with:
23 error     npm bugs angular-webpack-demo
23 error Or if that isn't available, you can get their info via:
23 error     npm owner ls angular-webpack-demo
23 error There is likely additional logging output above.
24 verbose exit [ 1, true ]
